[debug] [2021-07-01T12:14:50.411Z] ----------------------------------------------------------------------
[debug] [2021-07-01T12:14:50.413Z] Command:       /usr/local/bin/node /usr/local/bin/firebase init
[debug] [2021-07-01T12:14:50.413Z] CLI Version:   9.14.0
[debug] [2021-07-01T12:14:50.413Z] Platform:      darwin
[debug] [2021-07-01T12:14:50.413Z] Node Version:  v12.19.0
[debug] [2021-07-01T12:14:50.424Z] Time:          Thu Jul 01 2021 15:14:50 GMT+0300 (Eastern European Summer Time)
[debug] [2021-07-01T12:14:50.425Z] ----------------------------------------------------------------------
[debug] 
[debug] [2021-07-01T12:14:50.428Z] >>> [apiv2][query] GET https://firebase-public.firebaseio.com/cli.json [none]
[debug] [2021-07-01T12:14:50.468Z] > command requires scopes: ["email","openid","https://www.googleapis.com/auth/cloudplatformprojects.readonly","https://www.googleapis.com/auth/firebase","https://www.googleapis.com/auth/cloud-platform"]
[debug] [2021-07-01T12:14:50.469Z] > authorizing via signed-in user (dvmarchuk4@gmail.com)
[info] 
     ######## #### ########  ######## ########     ###     ######  ########
     ##        ##  ##     ## ##       ##     ##  ##   ##  ##       ##
     ######    ##  ########  ######   ########  #########  ######  ######
     ##        ##  ##    ##  ##       ##     ## ##     ##       ## ##
     ##       #### ##     ## ######## ########  ##     ##  ######  ########

You're about to initialize a Firebase project in this directory:

  /Users/dennismarchuk/WebstormProjects/MarchukDennisSite

[debug] [2021-07-01T12:14:51.289Z] <<< [apiv2][status] GET https://firebase-public.firebaseio.com/cli.json 200
[debug] [2021-07-01T12:14:51.290Z] <<< [apiv2][body] GET https://firebase-public.firebaseio.com/cli.json {"cloudBuildErrorAfter":1594252800000,"cloudBuildWarnAfter":1590019200000,"defaultNode10After":1594252800000,"minVersion":"3.0.5","node8DeploysDisabledAfter":1613390400000,"node8RuntimeDisabledAfter":1615809600000,"node8WarnAfter":1600128000000}
[info] 
=== Project Setup
[info] 
[info] First, let's associate this project directory with a Firebase project.
[info] You can create multiple project aliases by running firebase use --add, 
[info] but for now we'll just set up a default project.
[info] 
[debug] [2021-07-01T12:15:28.196Z] > refreshing access token with scopes: []
[debug] [2021-07-01T12:15:28.197Z] >>> HTTP REQUEST POST https://www.googleapis.com/oauth2/v3/token  
 <request body omitted>
[debug] [2021-07-01T12:15:28.912Z] <<< HTTP RESPONSE 200 {"pragma":"no-cache","expires":"Mon, 01 Jan 1990 00:00:00 GMT","date":"Thu, 01 Jul 2021 12:15:29 GMT","cache-control":"no-cache, no-store, max-age=0, must-revalidate","content-type":"application/json; charset=utf-8","vary":"X-Origin, Referer, Origin,Accept-Encoding","server":"scaffolding on HTTPServer2","x-xss-protection":"0","x-frame-options":"SAMEORIGIN","x-content-type-options":"nosniff","alt-svc":"h3=\":443\"; ma=2592000,h3-29=\":443\"; ma=2592000,h3-T051=\":443\"; ma=2592000,h3-Q050=\":443\"; ma=2592000,h3-Q046=\":443\"; ma=2592000,h3-Q043=\":443\"; ma=2592000,quic=\":443\"; ma=2592000; v=\"46,43\"","accept-ranges":"none","transfer-encoding":"chunked"}
[debug] [2021-07-01T12:15:28.964Z] >>> [apiv2][query] GET https://firebase.googleapis.com/v1beta1/projects pageSize=100
[debug] [2021-07-01T12:15:29.522Z] <<< [apiv2][status] GET https://firebase.googleapis.com/v1beta1/projects 200
[debug] [2021-07-01T12:15:29.522Z] <<< [apiv2][body] GET https://firebase.googleapis.com/v1beta1/projects [omitted]
[info] i  Using project marchukdenniswebsite (MarchukDennisWebsite) 
[info] 
=== Hosting Setup
[info] 
[info] Your public directory is the folder (relative to your project directory) that
[info] will contain Hosting assets to be uploaded with firebase deploy. If you
[info] have a build process for your assets, use your build's output directory.
[info] 
[debug] [2021-07-01T12:17:10.315Z] >>> [apiv2][query] GET https://www.gstatic.com/firebasejs/releases.json [none]
[debug] [2021-07-01T12:17:10.525Z] <<< [apiv2][status] GET https://www.gstatic.com/firebasejs/releases.json 200
[debug] [2021-07-01T12:17:10.526Z] <<< [apiv2][body] GET https://www.gstatic.com/firebasejs/releases.json {"current":{"version":"8.6.8","browserURL":"https://www.gstatic.com/firebasejs/8.6.8/firebase.js","packageURL":"https://www.gstatic.com/firebasejs/8.6.8/firebase.tgz"},"live":{"version":"8.6","browserURL":"https://www.gstatic.com/firebasejs/live/8.6/firebase.js","packageURL":"https://www.gstatic.com/firebasejs/live/8.6/firebase.tgz"},"components":{"analytics":"https://www.gstatic.com/firebasejs/8.6.8/firebase-analytics.js","app":"https://www.gstatic.com/firebasejs/8.6.8/firebase-app.js","app-check":"https://www.gstatic.com/firebasejs/8.6.8/firebase-app-check.js","auth":"https://www.gstatic.com/firebasejs/8.6.8/firebase-auth.js","database":"https://www.gstatic.com/firebasejs/8.6.8/firebase-database.js","firestore":"https://www.gstatic.com/firebasejs/8.6.8/firebase-firestore.js","functions":"https://www.gstatic.com/firebasejs/8.6.8/firebase-functions.js","installations":"https://www.gstatic.com/firebasejs/8.6.8/firebase-installations.js","messaging":"https://www.gstatic.com/firebasejs/8.6.8/firebase-messaging.js","storage":"https://www.gstatic.com/firebasejs/8.6.8/firebase-storage.js","performance":"https://www.gstatic.com/firebasejs/8.6.8/firebase-performance.js","remote-config":"https://www.gstatic.com/firebasejs/8.6.8/firebase-remote-config.js","firestore.memory":"https://www.gstatic.com/firebasejs/8.6.8/firebase-firestore.memory.js"}}
[info] ✔  Wrote public/index.html 
[info] 
[info] i  Detected a .git folder at /Users/dennismarchuk/WebstormProjects/MarchukDennisSite 
[info] i  Authorizing with GitHub to upload your service account to a GitHub repository's secrets store. 
[info] 
[info] Visit this URL on this device to log in:
[info] https://github.com/login/oauth/authorize?client_id=89cf50f02ac6aaed3484&state=72320321&redirect_uri=http%3A%2F%2Flocalhost%3A9005&scope=read%3Auser%20repo%20public_repo
[info] 
[info] Waiting for authentication...
[debug] [2021-07-01T12:17:12.009Z] >>> HTTP REQUEST POST https://github.com/login/oauth/access_token  
 {"client_id":"89cf50f02ac6aaed3484","client_secret":"3330d14abc895d9a74d5f17cd7a00711fa2c5bf0","code":"1ef991ce5b86e852c8d3","redirect_uri":"http://localhost:9005","state":"72320321"}
[debug] [2021-07-01T12:17:12.388Z] <<< HTTP RESPONSE 200 {"server":"GitHub.com","date":"Thu, 01 Jul 2021 12:17:12 GMT","content-type":"application/json; charset=utf-8","transfer-encoding":"chunked","vary":"X-PJAX, Accept-Encoding, Accept, X-Requested-With","permissions-policy":"interest-cohort=()","etag":"W/\"5d7cd3fe4a8db84e1123b753026af25a\"","cache-control":"max-age=0, private, must-revalidate","strict-transport-security":"max-age=31536000; includeSubdomains; preload","x-frame-options":"deny","x-content-type-options":"nosniff","x-xss-protection":"0","referrer-policy":"origin-when-cross-origin, strict-origin-when-cross-origin","expect-ct":"max-age=2592000, report-uri=\"https://api.github.com/_private/browser/errors\"","content-security-policy":"default-src 'none'; base-uri 'self'; block-all-mixed-content; connect-src 'self' uploads.github.com www.githubstatus.com collector.githubapp.com api.github.com github-cloud.s3.amazonaws.com github-production-repository-file-5c1aeb.s3.amazonaws.com github-production-upload-manifest-file-7fdce7.s3.amazonaws.com github-production-user-asset-6210df.s3.amazonaws.com cdn.optimizely.com logx.optimizely.com/v1/events translator.github.com wss://alive.github.com; font-src github.githubassets.com; form-action 'self' github.com gist.github.com; frame-ancestors 'none'; frame-src render.githubusercontent.com render-temp.githubusercontent.com viewscreen.githubusercontent.com; img-src 'self' data: github.githubassets.com identicons.github.com collector.githubapp.com github-cloud.s3.amazonaws.com secured-user-images.githubusercontent.com/ *.githubusercontent.com; manifest-src 'self'; media-src 'none'; script-src github.githubassets.com; style-src 'unsafe-inline' github.githubassets.com; worker-src github.com/socket-worker-3f088aa2.js gist.github.com/socket-worker-3f088aa2.js","x-github-request-id":"BD7B:7433:6F8CA5:7A634D:60DDB248"}
[debug] [2021-07-01T12:17:12.398Z] >>> [apiv2][query] GET https://api.github.com/user [none]
[debug] [2021-07-01T12:17:12.808Z] <<< [apiv2][status] GET https://api.github.com/user 200
[debug] [2021-07-01T12:17:12.809Z] <<< [apiv2][body] GET https://api.github.com/user {"login":"dvmarchuk","id":14048221,"node_id":"MDQ6VXNlcjE0MDQ4MjIx","avatar_url":"https://avatars.githubusercontent.com/u/14048221?v=4","gravatar_id":"","url":"https://api.github.com/users/dvmarchuk","html_url":"https://github.com/dvmarchuk","followers_url":"https://api.github.com/users/dvmarchuk/followers","following_url":"https://api.github.com/users/dvmarchuk/following{/other_user}","gists_url":"https://api.github.com/users/dvmarchuk/gists{/gist_id}","starred_url":"https://api.github.com/users/dvmarchuk/starred{/owner}{/repo}","subscriptions_url":"https://api.github.com/users/dvmarchuk/subscriptions","organizations_url":"https://api.github.com/users/dvmarchuk/orgs","repos_url":"https://api.github.com/users/dvmarchuk/repos","events_url":"https://api.github.com/users/dvmarchuk/events{/privacy}","received_events_url":"https://api.github.com/users/dvmarchuk/received_events","type":"User","site_admin":false,"name":"Dennis Marchuk","company":null,"blog":"www.marchukdennis.com","location":"Virginia","email":"dvmarchuk4@gmail.com","hireable":null,"bio":null,"twitter_username":null,"public_repos":34,"public_gists":0,"followers":1,"following":1,"created_at":"2015-08-31T03:37:55Z","updated_at":"2021-06-29T22:55:57Z","private_gists":2,"total_private_repos":1,"owned_private_repos":1,"disk_usage":106804,"collaborators":0,"two_factor_authentication":false,"plan":{"name":"free","space":976562499,"collaborators":0,"private_repos":10000}}
[info] 
[info] ✔  Success! Logged into GitHub as dvmarchuk 
[info] 
